# JRE version: OpenJDK Runtime Environment (21.0.6) (build 21.0.6+-13391695-b895.109)
# Java VM: OpenJDK 64-Bit Server VM (21.0.6+-13391695-b895.109, mixed mode, tiered, compressed oops, compressed class ptrs, g1 gc, windows-amd64)
GC Precious Log:
 CardTable entry size: 512
 Card Set container configuration: InlinePtr #cards 5 size 8 Array Of Cards #cards 12 size 40 Howl #buckets 4 coarsen threshold 1843 Howl Bitmap #cards 512 size 80 coarsen threshold 460 Card regions per heap region 1 cards per card region 2048
 CPUs: 16 total, 16 available
 Memory: 16176M
 Large Page Support: Disabled
 NUMA Support: Disabled
 Compressed Oops: Enabled (32-bit)
 Heap Region Size: 1M
 Heap Min Capacity: 8M
 Heap Initial Capacity: 254M
 Heap Max Capacity: 2G
 Pre-touch: Disabled
 Parallel Workers: 13
 Concurrent Workers: 3
 Concurrent Refinement Workers: 13
 Periodic GC: Disabled
Heap:
 garbage-first heap   total 396288K, used 341731K [0x0000000080000000, 0x0000000100000000)
  region size 1024K, 111 young (113664K), 6 survivors (6144K)
 Metaspace       used 219352K, committed 222336K, reserved 1245184K
  class space    used 27408K, committed 28928K, reserved 1048576K
GC Heap History (20 events):
Event: 15.230 GC heap before
{Heap before GC invocations=53 (full 0):
 garbage-first heap   total 355328K, used 283006K [0x0000000080000000, 0x0000000100000000)
  region size 1024K, 79 young (80896K), 10 survivors (10240K)
 Metaspace       used 169415K, committed 171968K, reserved 1245184K
  class space    used 21203K, committed 22464K, reserved 1048576K
}
Event: 15.235 GC heap after
{Heap after GC invocations=54 (full 0):
 garbage-first heap   total 355328K, used 214994K [0x0000000080000000, 0x0000000100000000)
  region size 1024K, 3 young (3072K), 3 survivors (3072K)
 Metaspace       used 169415K, committed 171968K, reserved 1245184K
  class space    used 21203K, committed 22464K, reserved 1048576K
}
Event: 16.532 GC heap before
{Heap before GC invocations=54 (full 0):
 garbage-first heap   total 355328K, used 328658K [0x0000000080000000, 0x0000000100000000)
  region size 1024K, 108 young (110592K), 3 survivors (3072K)
 Metaspace       used 179055K, committed 181760K, reserved 1245184K
  class space    used 22498K, committed 23872K, reserved 1048576K
}
Event: 16.540 GC heap after
{Heap after GC invocations=55 (full 0):
 garbage-first heap   total 355328K, used 211832K [0x0000000080000000, 0x0000000100000000)
  region size 1024K, 10 young (10240K), 10 survivors (10240K)
 Metaspace       used 179055K, committed 181760K, reserved 1245184K
  class space    used 22498K, committed 23872K, reserved 1048576K
}
Event: 17.302 GC heap before
{Heap before GC invocations=55 (full 0):
 garbage-first heap   total 355328K, used 288632K [0x0000000080000000, 0x0000000100000000)
  region size 1024K, 86 young (88064K), 10 survivors (10240K)
 Metaspace       used 183322K, committed 186048K, reserved 1245184K
  class space    used 23157K, committed 24512K, reserved 1048576K
}
Event: 17.309 GC heap after
{Heap after GC invocations=56 (full 0):
 garbage-first heap   total 355328K, used 216921K [0x0000000080000000, 0x0000000100000000)
  region size 1024K, 13 young (13312K), 13 survivors (13312K)
 Metaspace       used 183322K, committed 186048K, reserved 1245184K
  class space    used 23157K, committed 24512K, reserved 1048576K
}
Event: 18.487 GC heap before
{Heap before GC invocations=57 (full 0):
 garbage-first heap   total 365568K, used 321369K [0x0000000080000000, 0x0000000100000000)
  region size 1024K, 115 young (117760K), 13 survivors (13312K)
 Metaspace       used 189955K, committed 192768K, reserved 1245184K
  class space    used 23992K, committed 25408K, reserved 1048576K
}
Event: 18.496 GC heap after
{Heap after GC invocations=58 (full 0):
 garbage-first heap   total 365568K, used 226336K [0x0000000080000000, 0x0000000100000000)
  region size 1024K, 14 young (14336K), 14 survivors (14336K)
 Metaspace       used 189955K, committed 192768K, reserved 1245184K
  class space    used 23992K, committed 25408K, reserved 1048576K
}
Event: 19.295 GC heap before
{Heap before GC invocations=58 (full 0):
 garbage-first heap   total 365568K, used 330784K [0x0000000080000000, 0x0000000100000000)
  region size 1024K, 116 young (118784K), 14 survivors (14336K)
 Metaspace       used 189956K, committed 192768K, reserved 1245184K
  class space    used 23992K, committed 25408K, reserved 1048576K
}
Event: 19.304 GC heap after
{Heap after GC invocations=59 (full 0):
 garbage-first heap   total 365568K, used 216451K [0x0000000080000000, 0x0000000100000000)
  region size 1024K, 8 young (8192K), 8 survivors (8192K)
 Metaspace       used 189956K, committed 192768K, reserved 1245184K
  class space    used 23992K, committed 25408K, reserved 1048576K
}
Event: 19.908 GC heap before
{Heap before GC invocations=59 (full 0):
 garbage-first heap   total 365568K, used 291203K [0x0000000080000000, 0x0000000100000000)
  region size 1024K, 83 young (84992K), 8 survivors (8192K)
 Metaspace       used 190933K, committed 193728K, reserved 1245184K
  class space    used 24089K, committed 25472K, reserved 1048576K
}
Event: 19.913 GC heap after
{Heap after GC invocations=60 (full 0):
 garbage-first heap   total 365568K, used 220011K [0x0000000080000000, 0x0000000100000000)
  region size 1024K, 12 young (12288K), 12 survivors (12288K)
 Metaspace       used 190933K, committed 193728K, reserved 1245184K
  class space    used 24089K, committed 25472K, reserved 1048576K
}
Event: 21.369 GC heap before
{Heap before GC invocations=61 (full 0):
 garbage-first heap   total 372736K, used 334699K [0x0000000080000000, 0x0000000100000000)
  region size 1024K, 122 young (124928K), 12 survivors (12288K)
 Metaspace       used 201650K, committed 204608K, reserved 1245184K
  class space    used 25381K, committed 26880K, reserved 1048576K
}
Event: 21.378 GC heap after
{Heap after GC invocations=62 (full 0):
 garbage-first heap   total 372736K, used 227158K [0x0000000080000000, 0x0000000100000000)
  region size 1024K, 14 young (14336K), 14 survivors (14336K)
 Metaspace       used 201650K, committed 204608K, reserved 1245184K
  class space    used 25381K, committed 26880K, reserved 1048576K
}
Event: 22.428 GC heap before
{Heap before GC invocations=62 (full 0):
 garbage-first heap   total 372736K, used 337750K [0x0000000080000000, 0x0000000100000000)
  region size 1024K, 123 young (125952K), 14 survivors (14336K)
 Metaspace       used 205754K, committed 208640K, reserved 1245184K
  class space    used 25859K, committed 27264K, reserved 1048576K
}
Event: 22.440 GC heap after
{Heap after GC invocations=63 (full 0):
 garbage-first heap   total 372736K, used 230291K [0x0000000080000000, 0x0000000100000000)
  region size 1024K, 16 young (16384K), 16 survivors (16384K)
 Metaspace       used 205754K, committed 208640K, reserved 1245184K
  class space    used 25859K, committed 27264K, reserved 1048576K
}
Event: 116.883 GC heap before
{Heap before GC invocations=63 (full 0):
 garbage-first heap   total 372736K, used 335763K [0x0000000080000000, 0x0000000100000000)
  region size 1024K, 120 young (122880K), 16 survivors (16384K)
 Metaspace       used 217209K, committed 220224K, reserved 1245184K
  class space    used 27125K, committed 28672K, reserved 1048576K
}
Event: 116.889 GC heap after
{Heap after GC invocations=64 (full 0):
 garbage-first heap   total 372736K, used 236687K [0x0000000080000000, 0x0000000100000000)
  region size 1024K, 7 young (7168K), 7 survivors (7168K)
 Metaspace       used 217209K, committed 220224K, reserved 1245184K
  class space    used 27125K, committed 28672K, reserved 1048576K
}
Event: 4848.377 GC heap before
{Heap before GC invocations=65 (full 0):
 garbage-first heap   total 396288K, used 343183K [0x0000000080000000, 0x0000000100000000)
  region size 1024K, 112 young (114688K), 7 survivors (7168K)
 Metaspace       used 217539K, committed 220544K, reserved 1245184K
  class space    used 27132K, committed 28672K, reserved 1048576K
}
Event: 4848.395 GC heap after
{Heap after GC invocations=66 (full 0):
 garbage-first heap   total 396288K, used 236259K [0x0000000080000000, 0x0000000100000000)
  region size 1024K, 6 young (6144K), 6 survivors (6144K)
 Metaspace       used 217539K, committed 220544K, reserved 1245184K
  class space    used 27132K, committed 28672K, reserved 1048576K
}

