# JRE version: OpenJDK Runtime Environment (21.0.6) (build 21.0.6+-13391695-b895.109)
# Java VM: OpenJDK 64-Bit Server VM (21.0.6+-13391695-b895.109, mixed mode, tiered, compressed oops, compressed class ptrs, g1 gc, windows-amd64)
GC Precious Log:
 CardTable entry size: 512
 Card Set container configuration: InlinePtr #cards 5 size 8 Array Of Cards #cards 12 size 40 Howl #buckets 4 coarsen threshold 1843 Howl Bitmap #cards 512 size 80 coarsen threshold 460 Card regions per heap region 1 cards per card region 2048
 CPUs: 16 total, 16 available
 Memory: 16176M
 Large Page Support: Disabled
 NUMA Support: Disabled
 Compressed Oops: Enabled (32-bit)
 Heap Region Size: 1M
 Heap Min Capacity: 8M
 Heap Initial Capacity: 254M
 Heap Max Capacity: 2G
 Pre-touch: Disabled
 Parallel Workers: 13
 Concurrent Workers: 3
 Concurrent Refinement Workers: 13
 Periodic GC: Disabled
Heap:
 garbage-first heap   total 107520K, used 55492K [0x0000000080000000, 0x0000000100000000)
  region size 1024K, 23 young (23552K), 5 survivors (5120K)
 Metaspace       used 61434K, committed 63040K, reserved 1114112K
  class space    used 8296K, committed 9088K, reserved 1048576K
GC Heap History (20 events):
Event: 0.692 GC heap before
{Heap before GC invocations=1 (full 0):
 garbage-first heap   total 260096K, used 41514K [0x0000000080000000, 0x0000000100000000)
  region size 1024K, 39 young (39936K), 2 survivors (2048K)
 Metaspace       used 12234K, committed 12352K, reserved 1114112K
  class space    used 1281K, committed 1344K, reserved 1048576K
}
Event: 0.695 GC heap after
{Heap after GC invocations=2 (full 0):
 garbage-first heap   total 260096K, used 10800K [0x0000000080000000, 0x0000000100000000)
  region size 1024K, 5 young (5120K), 5 survivors (5120K)
 Metaspace       used 12234K, committed 12352K, reserved 1114112K
  class space    used 1281K, committed 1344K, reserved 1048576K
}
Event: 1.433 GC heap before
{Heap before GC invocations=2 (full 0):
 garbage-first heap   total 260096K, used 103984K [0x0000000080000000, 0x0000000100000000)
  region size 1024K, 96 young (98304K), 5 survivors (5120K)
 Metaspace       used 21246K, committed 21504K, reserved 1114112K
  class space    used 2437K, committed 2560K, reserved 1048576K
}
Event: 1.440 GC heap after
{Heap after GC invocations=3 (full 0):
 garbage-first heap   total 260096K, used 20243K [0x0000000080000000, 0x0000000100000000)
  region size 1024K, 14 young (14336K), 14 survivors (14336K)
 Metaspace       used 21246K, committed 21504K, reserved 1114112K
  class space    used 2437K, committed 2560K, reserved 1048576K
}
Event: 1.934 GC heap before
{Heap before GC invocations=4 (full 0):
 garbage-first heap   total 71680K, used 70419K [0x0000000080000000, 0x0000000100000000)
  region size 1024K, 63 young (64512K), 14 survivors (14336K)
 Metaspace       used 28870K, committed 29440K, reserved 1114112K
  class space    used 3629K, committed 3904K, reserved 1048576K
}
Event: 1.940 GC heap after
{Heap after GC invocations=5 (full 0):
 garbage-first heap   total 89088K, used 23136K [0x0000000080000000, 0x0000000100000000)
  region size 1024K, 11 young (11264K), 11 survivors (11264K)
 Metaspace       used 28870K, committed 29440K, reserved 1114112K
  class space    used 3629K, committed 3904K, reserved 1048576K
}
Event: 2.412 GC heap before
{Heap before GC invocations=5 (full 0):
 garbage-first heap   total 89088K, used 64096K [0x0000000080000000, 0x0000000100000000)
  region size 1024K, 52 young (53248K), 11 survivors (11264K)
 Metaspace       used 34144K, committed 35008K, reserved 1114112K
  class space    used 4506K, committed 4928K, reserved 1048576K
}
Event: 2.416 GC heap after
{Heap after GC invocations=6 (full 0):
 garbage-first heap   total 89088K, used 25700K [0x0000000080000000, 0x0000000100000000)
  region size 1024K, 6 young (6144K), 6 survivors (6144K)
 Metaspace       used 34144K, committed 35008K, reserved 1114112K
  class space    used 4506K, committed 4928K, reserved 1048576K
}
Event: 2.530 GC heap before
{Heap before GC invocations=6 (full 0):
 garbage-first heap   total 89088K, used 32868K [0x0000000080000000, 0x0000000100000000)
  region size 1024K, 15 young (15360K), 6 survivors (6144K)
 Metaspace       used 35375K, committed 36160K, reserved 1114112K
  class space    used 4684K, committed 5056K, reserved 1048576K
}
Event: 2.532 GC heap after
{Heap after GC invocations=7 (full 0):
 garbage-first heap   total 89088K, used 26777K [0x0000000080000000, 0x0000000100000000)
  region size 1024K, 4 young (4096K), 4 survivors (4096K)
 Metaspace       used 35375K, committed 36160K, reserved 1114112K
  class space    used 4684K, committed 5056K, reserved 1048576K
}
Event: 3.017 GC heap before
{Heap before GC invocations=8 (full 0):
 garbage-first heap   total 89088K, used 71833K [0x0000000080000000, 0x0000000100000000)
  region size 1024K, 49 young (50176K), 4 survivors (4096K)
 Metaspace       used 41377K, committed 42624K, reserved 1114112K
  class space    used 5649K, committed 6272K, reserved 1048576K
}
Event: 3.019 GC heap after
{Heap after GC invocations=9 (full 0):
 garbage-first heap   total 89088K, used 28892K [0x0000000080000000, 0x0000000100000000)
  region size 1024K, 6 young (6144K), 6 survivors (6144K)
 Metaspace       used 41377K, committed 42624K, reserved 1114112K
  class space    used 5649K, committed 6272K, reserved 1048576K
}
Event: 3.400 GC heap before
{Heap before GC invocations=9 (full 0):
 garbage-first heap   total 89088K, used 73948K [0x0000000080000000, 0x0000000100000000)
  region size 1024K, 51 young (52224K), 6 survivors (6144K)
 Metaspace       used 47507K, committed 48832K, reserved 1114112K
  class space    used 6306K, committed 6976K, reserved 1048576K
}
Event: 3.404 GC heap after
{Heap after GC invocations=10 (full 0):
 garbage-first heap   total 89088K, used 33240K [0x0000000080000000, 0x0000000100000000)
  region size 1024K, 7 young (7168K), 7 survivors (7168K)
 Metaspace       used 47507K, committed 48832K, reserved 1114112K
  class space    used 6306K, committed 6976K, reserved 1048576K
}
Event: 3.651 GC heap before
{Heap before GC invocations=10 (full 0):
 garbage-first heap   total 89088K, used 77272K [0x0000000080000000, 0x0000000100000000)
  region size 1024K, 49 young (50176K), 7 survivors (7168K)
 Metaspace       used 49790K, committed 51136K, reserved 1114112K
  class space    used 6564K, committed 7232K, reserved 1048576K
}
Event: 3.653 GC heap after
{Heap after GC invocations=11 (full 0):
 garbage-first heap   total 89088K, used 35286K [0x0000000080000000, 0x0000000100000000)
  region size 1024K, 3 young (3072K), 3 survivors (3072K)
 Metaspace       used 49790K, committed 51136K, reserved 1114112K
  class space    used 6564K, committed 7232K, reserved 1048576K
}
Event: 4.076 GC heap before
{Heap before GC invocations=11 (full 0):
 garbage-first heap   total 89088K, used 77270K [0x0000000080000000, 0x0000000100000000)
  region size 1024K, 44 young (45056K), 3 survivors (3072K)
 Metaspace       used 55137K, committed 56640K, reserved 1114112K
  class space    used 7409K, committed 8128K, reserved 1048576K
}
Event: 4.078 GC heap after
{Heap after GC invocations=12 (full 0):
 garbage-first heap   total 107520K, used 36730K [0x0000000080000000, 0x0000000100000000)
  region size 1024K, 4 young (4096K), 4 survivors (4096K)
 Metaspace       used 55137K, committed 56640K, reserved 1114112K
  class space    used 7409K, committed 8128K, reserved 1048576K
}
Event: 4.312 GC heap before
{Heap before GC invocations=12 (full 0):
 garbage-first heap   total 107520K, used 64378K [0x0000000080000000, 0x0000000100000000)
  region size 1024K, 32 young (32768K), 4 survivors (4096K)
 Metaspace       used 58916K, committed 60416K, reserved 1114112K
  class space    used 7921K, committed 8640K, reserved 1048576K
}
Event: 4.314 GC heap after
{Heap after GC invocations=13 (full 0):
 garbage-first heap   total 107520K, used 38084K [0x0000000080000000, 0x0000000100000000)
  region size 1024K, 5 young (5120K), 5 survivors (5120K)
 Metaspace       used 58916K, committed 60416K, reserved 1114112K
  class space    used 7921K, committed 8640K, reserved 1048576K
}

